#
# A fatal error has been detected by the Java Runtime Environment:
#
#  EXCEPTION_ACCESS_VIOLATION (0xc0000005) at pc=0x6da40d05, pid=2040, tid=5328
#
# JRE version: 6.0_14-b08
# Java VM: Java HotSpot(TM) Client VM (14.0-b16 mixed mode, sharing windows-x86 )
# Problematic frame:
# V  [jvm.dll+0x190d05]
#
# If you would like to submit a bug report, please visit:
#   http://java.sun.com/webapps/bugreport/crash.jsp
#

---------------  T H R E A D  ---------------

Current thread (0x01c11800):  JavaThread "CompilerThread0" daemon [_thread_in_vm, id=5328, stack(0x01c90000,0x01ce0000)]

siginfo: ExceptionCode=0xc0000005, reading address 0x00000010

Registers:
EAX=0x00000000, EBX=0x01cdf6c4, ECX=0x00000c00, EDX=0x00000016
ESP=0x01cdf630, EBP=0x01cdf6ac, ESI=0x00000c00, EDI=0x01cdf680
EIP=0x6da40d05, EFLAGS=0x00010246

Top of Stack: (sp=0x01cdf630)
0x01cdf630:   00000c00 01cdf6c0 01cdf680 6da4109f
0x01cdf640:   022c1ea6 6d92ac47 01cdf8ec 022c1e48
0x01cdf650:   00000048 00000000 01c09114 01c09118
0x01cdf660:   00000000 022c1ea6 01cdf610 01c09112
0x01cdf670:   01010001 022c1e90 022c1ef8 022c1ef8
0x01cdf680:   6daa2488 01cdf654 022c1dd0 0000001b
0x01cdf690:   01cdf6a8 01cdf8ec 01cdf6c4 0000022c
0x01cdf6a0:   00000003 01cdf6cc 01cdf8f0 01cdf770 

Instructions: (pc=0x6da40d05)
0x6da40cf5:   1b e8 b5 fb fd ff 3b f0 7d 12 56 e8 cb 56 01 00
0x6da40d05:   8b 40 10 83 c4 04 89 47 08 5f 5e c3 89 77 08 5f 


Stack: [0x01c90000,0x01ce0000],  sp=0x01cdf630,  free space=317k
Native frames: (J=compiled Java code, j=interpreted, Vv=VM code, C=native code)
V  [jvm.dll+0x190d05]
V  [jvm.dll+0x7b0f3]
V  [jvm.dll+0x79abe]
V  [jvm.dll+0x79fcd]
V  [jvm.dll+0x59ea2]
V  [jvm.dll+0x59efe]
V  [jvm.dll+0x26ceb]
V  [jvm.dll+0x84de0]
V  [jvm.dll+0x858bf]
V  [jvm.dll+0x1cfd44]
V  [jvm.dll+0x1739dc]
C  [MSVCR71.dll+0x9565]
C  [kernel32.dll+0x44911]
C  [ntdll.dll+0x3e4b6]
C  [ntdll.dll+0x3e489]


Current CompileTask:
C1:  1      java.lang.String.hashCode()I (60 bytes)


---------------  P R O C E S S  ---------------

Java Threads: ( => current thread )
  0x01c1a000 JavaThread "Low Memory Detector" daemon [_thread_blocked, id=5096, stack(0x05250000,0x05650000)]
=>0x01c11800 JavaThread "CompilerThread0" daemon [_thread_in_vm, id=5328, stack(0x01c90000,0x01ce0000)]
  0x01c10800 JavaThread "Attach Listener" daemon [_thread_blocked, id=4548, stack(0x04e50000,0x05250000)]
  0x01c07c00 JavaThread "Signal Dispatcher" daemon [_thread_blocked, id=3836, stack(0x04a50000,0x04e50000)]
  0x01bc4400 JavaThread "Finalizer" daemon [_thread_blocked, id=4944, stack(0x04650000,0x04a50000)]
  0x01bc2c00 JavaThread "Reference Handler" daemon [_thread_blocked, id=4688, stack(0x04250000,0x04650000)]
  0x00119c00 JavaThread "main" [_thread_in_vm, id=4264, stack(0x01d50000,0x02150000)]

Other Threads:
  0x01bc1800 VMThread [stack: 0x00f10000,0x00f60000] [id=5556]
  0x01c1b000 WatcherThread [stack: 0x01ce0000,0x01d30000] [id=5896]

VM state:not at safepoint (normal execution)

VM Mutex/Monitor currently owned by a thread:  ([mutex/lock_event])
[0x00116e18] CodeCache_lock - owner thread: 0x01c11800
[0x00117c00] AdapterHandlerLibrary_lock - owner thread: 0x00119c00

Heap
 def new generation   total 960K, used 182K [0x23e80000, 0x23f80000, 0x24360000)
  eden space 896K,  20% used [0x23e80000, 0x23ead820, 0x23f60000)
  from space 64K,   0% used [0x23f60000, 0x23f60000, 0x23f70000)
  to   space 64K,   0% used [0x23f70000, 0x23f70000, 0x23f80000)
 tenured generation   total 7168K, used 0K [0x24360000, 0x24a60000, 0x27e80000)
   the space 7168K,   0% used [0x24360000, 0x24360000, 0x24360200, 0x24a60000)
 compacting perm gen  total 12288K, used 15K [0x27e80000, 0x28a80000, 0x2be80000)
   the space 12288K,   0% used [0x27e80000, 0x27e83ef8, 0x27e84000, 0x28a80000)
    ro space 8192K,  67% used [0x2be80000, 0x2c3e8d98, 0x2c3e8e00, 0x2c680000)
    rw space 12288K,  54% used [0x2c680000, 0x2ccfd0f0, 0x2ccfd200, 0x2d280000)

Dynamic libraries:
0x00400000 - 0x0040a000 	C:\Program Files\Java\jdk1.6.0_14\bin\javac.exe
0x772e0000 - 0x77407000 	C:\Windows\system32\ntdll.dll
0x76f50000 - 0x7702b000 	C:\Windows\system32\kernel32.dll
0x6d010000 - 0x6d025000 	C:\Program Files\Java\jdk1.6.0_14\bin\jli.dll
0x77470000 - 0x77536000 	C:\Windows\system32\ADVAPI32.dll
0x76100000 - 0x761c3000 	C:\Windows\system32\RPCRT4.dll
0x7c340000 - 0x7c396000 	C:\Program Files\Java\jdk1.6.0_14\bin\MSVCR71.dll
0x00180000 - 0x001d6000 	C:\Program Files\Java\jdk1.6.0_14\jre\bin\msvcr71.dll
0x6d8b0000 - 0x6db3b000 	C:\Program Files\Java\jdk1.6.0_14\jre\bin\client\jvm.dll
0x75cc0000 - 0x75d5d000 	C:\Windows\system32\USER32.dll
0x77410000 - 0x7745b000 	C:\Windows\system32\GDI32.dll
0x73f40000 - 0x73f72000 	C:\Windows\system32\WINMM.dll
0x75eb0000 - 0x75f5a000 	C:\Windows\system32\msvcrt.dll
0x75d60000 - 0x75ea4000 	C:\Windows\system32\ole32.dll
0x76200000 - 0x7628d000 	C:\Windows\system32\OLEAUT32.dll
0x73f00000 - 0x73f39000 	C:\Windows\system32\OLEACC.dll
0x761e0000 - 0x761fe000 	C:\Windows\system32\IMM32.DLL
0x77210000 - 0x772d8000 	C:\Windows\system32\MSCTF.dll
0x75960000 - 0x7598c000 	C:\Windows\system32\apphelp.dll
0x77460000 - 0x77469000 	C:\Windows\system32\LPK.DLL
0x77100000 - 0x7717d000 	C:\Windows\system32\USP10.dll
0x6d860000 - 0x6d86c000 	C:\Program Files\Java\jdk1.6.0_14\jre\bin\verify.dll
0x6d3e0000 - 0x6d3ff000 	C:\Program Files\Java\jdk1.6.0_14\jre\bin\java.dll
0x6d340000 - 0x6d348000 	C:\Program Files\Java\jdk1.6.0_14\jre\bin\hpi.dll
0x75ac0000 - 0x75ac7000 	C:\Windows\system32\PSAPI.DLL
0x6d8a0000 - 0x6d8af000 	C:\Program Files\Java\jdk1.6.0_14\jre\bin\zip.dll

VM Arguments:
jvm_args: -Denv.class.path=.;C:\Program Files\Java\jre1.6.0_14\lib\ext\QTJava.zip -Dapplication.home=C:\Program Files\Java\jdk1.6.0_14 -Xms8m -Xss4m -ea:com.sun.tools... 
java_command: com.sun.tools.javac.Main I:\CSC 103\Lab 3\UnorderedArrayList.java
Launcher Type: SUN_STANDARD

Environment Variables:
CLASSPATH=.;C:\Program Files\Java\jre1.6.0_14\lib\ext\QTJava.zip
PATH=C:\Perl\bin\;C:\Windows\system32;C:\Windows;C:\Windows\System32\Wbem;C:\Program Files\QuickTime\QTSystem\;C:\Program Files\Java\jdk1.6.0_14\bin;c:\Program Files\Microsoft SQL Server\90\Tools\binn\
USERNAME=cmitchell036
OS=Windows_NT
PROCESSOR_IDENTIFIER=x86 Family 6 Model 15 Stepping 6, GenuineIntel



---------------  S Y S T E M  ---------------

OS: Windows Vista Build 6001 Service Pack 1

CPU:total 2 (2 cores per cpu, 1 threads per core) family 6 model 15 stepping 6, cmov, cx8, fxsr, mmx, sse, sse2, sse3, ssse3

Memory: 4k page, physical 2069648k(992364k free), swap 4194303k(3214628k free)

vm_info: Java HotSpot(TM) Client VM (14.0-b16) for windows-x86 JRE (1.6.0_14-b08), built on May 21 2009 08:03:56 by "java_re" with MS VC++ 7.1

time: Thu Sep 24 14:43:23 2009
elapsed time: 0 seconds

